[2024-07-17 18:34:17.255 Client I] GitHub Codespaces version 1.17.1
[2024-07-17 18:34:17.255 Client I] isRunningInWeb: "false"
[2024-07-17 18:34:17.255 Client V] Initializing authentication
[2024-07-17 18:34:17.267 Authentication I] Did not find existing login session
[2024-07-17 18:34:17.268 Authentication I] Did not find existing login session
[2024-07-17 18:34:17.268 API I] Signing out due to unsuccessful sign in attempt
[2024-07-17 18:34:18.514 Authentication I] Did not find existing login session
[2024-07-17 18:34:18.515 API E] featureFlags: listCodespaces error. No response received.
[2024-07-17 18:34:18.515 Client:extension:444e I] initializing
[2024-07-17 18:34:18.517 RemoteExplorer I] Updating codespace performance info
[2024-07-17 18:34:18.516 Client:extension:444e I] creating LiveShare ConnectionHub
[2024-07-17 18:34:18.516 Client:extension:444e:resolver I] created with protocol "codespaces"
[2024-07-17 18:34:18.920 DevContainerJsonSupport I] Initializing devcontainer.json support package
[2024-07-17 18:34:18.924 DevContainerJsonSupport V] [2024-07-17T18:34:18.923Z] Internal initialization of dev container support package...

[2024-07-17 18:34:19.472 Client I] Jupyter API registered? true
[2024-07-17 18:34:19.475 Command:Connect I] Decorator starting: ErrorNotification
[2024-07-17 18:34:19.475 Command:Connect I] Decorator starting: Telemetry
[2024-07-17 18:34:32.154 Authentication I] Successfully signed in
[2024-07-17 18:34:32.154 Authentication V] Already signed in
[2024-07-17 18:34:32.154 Authentication V] Already signed in
[2024-07-17 18:34:32.155 API I] Successfully signed in
[2024-07-17 18:34:32.617 RemoteExplorer I] Updating codespace performance info
[2024-07-17 18:34:32.652 RemoteExplorer I] Updating codespace performance info
[2024-07-17 18:34:32.674 RemoteExplorer I] Updating codespace performance info
[2024-07-17 18:34:32.681 RemoteExplorer I] Updating codespace performance info
[2024-07-17 18:34:44.369 API E] ListMachines error. Correlation ID: E62C:3A011:1912E60:2F8B423:66980EC4
[2024-07-17 18:34:44.372 Command:Connect E] Command [Connect to Codespace]: Connect to Codespace Failure: Error retrieving available machine types. Status code: 401. Correlation ID: E62C:3A011:1912E60:2F8B423:66980EC4 (24896ms)
[2024-07-17 18:34:44.372 Command:Connect I] Decorator finishing: Telemetry. Duration: 4ms (1 + 3)
[2024-07-17 18:34:44.372 Command:Connect I] Decorator finishing: ErrorNotification. Duration: 0ms (0 + 0)
[2024-07-17 18:35:10.903 Command:Connect I] Decorator starting: ErrorNotification
[2024-07-17 18:35:10.903 Command:Connect I] Decorator starting: Telemetry
[2024-07-17 18:35:11.332 API E] listCodespaces error. Correlation ID: E630:3FC44E:18DCC32:2F0C361:66980EDF
[2024-07-17 18:35:11.334 Command:Connect E] Command [Connect to Codespace]: Connect to Codespace Failure: list codespaces request failed with status 401 (431ms)
[2024-07-17 18:35:11.334 Command:Connect I] Decorator finishing: Telemetry. Duration: 2ms (0 + 2)
[2024-07-17 18:35:11.334 Command:Connect I] Decorator finishing: ErrorNotification. Duration: 0ms (0 + 0)
[2024-07-17 18:35:44.702 Command:ExportLogs I] Decorator starting: ErrorNotification
[2024-07-17 18:35:44.703 Command:ExportLogs I] Decorator starting: Telemetry
[2024-07-17 18:35:49.862 ExportLogs:LogsZipExporter W] cannot get port forwarder logs: > object #0: {
  "errorCode": -1,
  "errorType": "GenericError",
  "errorMessage": "ENOENT: no such file or directory, scandir [PATH]/CodespacePortForwarder_logs'",
  "originalErrorType": "[no original type]",
  "errorDidCatch": false,
  "stack": "Error: ENOENT: no such file or directory, scandir [PATH]/CodespacePortForwarder_logs'"
}
